Arguments: 
  /usr/local/bin/node /usr/local/bin/yarn run build

PATH: 
  /home/dev/.foreman/bin:/opt/lua-lsp/bin:/opt/nvim/bin:/home/dev/.local/bin:/home/dev/.cargo/bin:/home/dev/.local/bin:/usr/local/sbin:/usr/local/bin:/usr/sbin:/usr/bin:/sbin:/bin:/usr/games:/usr/local/games:/snap/bin

Yarn version: 
  1.22.19

Node version: 
  16.18.0

Platform: 
  linux x64

Trace: 
  SyntaxError: /home/dev/projects/places/train-tycoon/package.json: Unexpected token } in JSON at position 915
      at JSON.parse (<anonymous>)
      at /usr/local/lib/node_modules/yarn/lib/cli.js:1629:59
      at Generator.next (<anonymous>)
      at step (/usr/local/lib/node_modules/yarn/lib/cli.js:310:30)
      at /usr/local/lib/node_modules/yarn/lib/cli.js:321:13

npm manifest: 
  {
  	"name": "train-tycoon",
  	"version": "1.0.0",
  	"description": "",
  	"main": "index.js",
  	"scripts": {
  		"build": "rbxtsc",
  		"watch": "rbxtsc -w"
  	},
  	"keywords": [],
  	"author": "",
  	"license": "ISC",
  	"devDependencies": {
  		"@rbxts/compiler-types": "^2.0.3-types.0",
  		"@rbxts/types": "^1.0.642",
  		"@typescript-eslint/eslint-plugin": "^5.39.0",
  		"@typescript-eslint/parser": "^5.39.0",
  		"eslint": "^8.24.0",
  		"eslint-config-prettier": "^8.5.0",
  		"eslint-plugin-prettier": "^4.2.1",
  		"eslint-plugin-roblox-ts": "^0.0.34",
  		"prettier": "^2.7.1",
  		"typescript": "^4.8.4"
  	},
  	"dependencies": {
  		"@rbxts/build": "^1.0.0",
  		"@rbxts/entity": "^1.0.0",
  		"@rbxts/grid": "^1.0.0",
  		"@rbxts/instance-utils": "^1.0.0",
  		"@rbxts/janitor": "^1.14.1-ts.0",
  		"@rbxts/player-utils": "^1.0.0",
  		"@rbxts/qui": "^1.0.0",
  		"@rbxts/roact": "^1.4.4-ts.0",
  		"@rbxts/services": "^1.5.1",
  		"@rbxts/ship-net": "^1.0.0",
  	}
  }

yarn manifest: 
  No manifest

Lockfile: 
  No lockfile
